Log file open, 05/21/17 20:11:08
LogInit:Display: Running engine for game: RealisticRendering2
LogPlatformFile: Not using cached read wrapper
LogInit:Display: RandInit(469701502) SRandInit(469701502).
LogTaskGraph: Started task graph with 5 named threads and 8 total threads with 1 sets of task threads.
LogStats: Stats thread started at 0.070965
LogPluginManager: Loaded Plugin Paper2D, From C:/Program Files/Epic Games/UE_4.14/Engine/Plugins/2D/Paper2D/Paper2D.uplugin
LogPluginManager: Loaded Plugin LightPropagationVolume, From C:/Program Files/Epic Games/UE_4.14/Engine/Plugins/Blendables/LightPropagationVolume/LightPropagationVolume.uplugin
LogPluginManager: Loaded Plugin BlankPlugin, From C:/Program Files/Epic Games/UE_4.14/Engine/Plugins/Developer/BlankPlugin/BlankPlugin.uplugin
LogPluginManager: Loaded Plugin CodeLiteSourceCodeAccess, From C:/Program Files/Epic Games/UE_4.14/Engine/Plugins/Developer/CodeLiteSourceCodeAccess/CodeLiteSourceCodeAccess.uplugin
LogPluginManager: Loaded Plugin GitSourceControl, From C:/Program Files/Epic Games/UE_4.14/Engine/Plugins/Developer/GitSourceControl/GitSourceControl.uplugin
LogPluginManager: Loaded Plugin KDevelopSourceCodeAccess, From C:/Program Files/Epic Games/UE_4.14/Engine/Plugins/Developer/KDevelopSourceCodeAccess/KDevelopSourceCodeAccess.uplugin
LogPluginManager: Loaded Plugin NullSourceCodeAccess, From C:/Program Files/Epic Games/UE_4.14/Engine/Plugins/Developer/NullSourceCodeAccess/NullSourceCodeAccess.uplugin
LogPluginManager: Loaded Plugin OneSkyLocalizationService, From C:/Program Files/Epic Games/UE_4.14/Engine/Plugins/Developer/OneSkyLocalizationService/OneSkyLocalizationService.uplugin
LogPluginManager: Loaded Plugin PerforceSourceControl, From C:/Program Files/Epic Games/UE_4.14/Engine/Plugins/Developer/PerforceSourceControl/PerforceSourceControl.uplugin
LogPluginManager: Loaded Plugin SubversionSourceControl, From C:/Program Files/Epic Games/UE_4.14/Engine/Plugins/Developer/SubversionSourceControl/SubversionSourceControl.uplugin
LogPluginManager: Loaded Plugin UObjectPlugin, From C:/Program Files/Epic Games/UE_4.14/Engine/Plugins/Developer/UObjectPlugin/UObjectPlugin.uplugin
LogPluginManager: Loaded Plugin VisualStudioSourceCodeAccess, From C:/Program Files/Epic Games/UE_4.14/Engine/Plugins/Developer/VisualStudioSourceCodeAccess/VisualStudioSourceCodeAccess.uplugin
LogPluginManager: Loaded Plugin XCodeSourceCodeAccess, From C:/Program Files/Epic Games/UE_4.14/Engine/Plugins/Developer/XCodeSourceCodeAccess/XCodeSourceCodeAccess.uplugin
LogPluginManager: Loaded Plugin AudioCapture, From C:/Program Files/Epic Games/UE_4.14/Engine/Plugins/Editor/AudioCapture/AudioCapture.uplugin
LogPluginManager: Loaded Plugin EpicSurvey, From C:/Program Files/Epic Games/UE_4.14/Engine/Plugins/Editor/EpicSurvey/EpicSurvey.uplugin
LogPluginManager: Loaded Plugin MacGraphicsSwitching, From C:/Program Files/Epic Games/UE_4.14/Engine/Plugins/Editor/MacGraphicsSwitching/MacGraphicsSwitching.uplugin
LogPluginManager: Loaded Plugin MobileLauncherProfileWizard, From C:/Program Files/Epic Games/UE_4.14/Engine/Plugins/Editor/MobileLauncherProfileWizard/MobileLauncherProfileWizard.uplugin
LogPluginManager: Loaded Plugin PluginBrowser, From C:/Program Files/Epic Games/UE_4.14/Engine/Plugins/Editor/PluginBrowser/PluginBrowser.uplugin
LogPluginManager: Loaded Plugin SpeedTreeImporter, From C:/Program Files/Epic Games/UE_4.14/Engine/Plugins/Editor/SpeedTreeImporter/SpeedTreeImporter.uplugin
LogPluginManager: Loaded Plugin SuperSearchEditor, From C:/Program Files/Epic Games/UE_4.14/Engine/Plugins/Editor/SuperSearchEditor/SuperSearchEditor.uplugin
LogPluginManager: Loaded Plugin AlembicImporter, From C:/Program Files/Epic Games/UE_4.14/Engine/Plugins/Experimental/AlembicImporter/AlembicImporter.uplugin
LogPluginManager: Loaded Plugin BlueprintStats, From C:/Program Files/Epic Games/UE_4.14/Engine/Plugins/Experimental/BlueprintStats/BlueprintStats.uplugin
LogPluginManager: Loaded Plugin CharacterAI, From C:/Program Files/Epic Games/UE_4.14/Engine/Plugins/Experimental/CharacterAI/CharacterAI.uplugin
LogPluginManager: Loaded Plugin CodeEditor, From C:/Program Files/Epic Games/UE_4.14/Engine/Plugins/Experimental/CodeEditor/CodeEditor.uplugin
LogPluginManager: Loaded Plugin CodeView, From C:/Program Files/Epic Games/UE_4.14/Engine/Plugins/Experimental/CodeView/CodeView.uplugin
LogPluginManager: Loaded Plugin HTML5Networking, From C:/Program Files/Epic Games/UE_4.14/Engine/Plugins/Experimental/HTML5Networking/HTML5Networking.uplugin
LogPluginManager: Loaded Plugin OSVR, From C:/Program Files/Epic Games/UE_4.14/Engine/Plugins/Experimental/OSVR/OSVR.uplugin
LogPluginManager: Loaded Plugin Phya, From C:/Program Files/Epic Games/UE_4.14/Engine/Plugins/Experimental/Phya/Phya.uplugin
LogPluginManager: Loaded Plugin SignificanceManager, From C:/Program Files/Epic Games/UE_4.14/Engine/Plugins/Experimental/SignificanceManager/SignificanceManager.uplugin
LogPluginManager: Loaded Plugin SimpleHMD, From C:/Program Files/Epic Games/UE_4.14/Engine/Plugins/Experimental/SimpleHMD/SimpleHMD.uplugin
LogPluginManager: Loaded Plugin StereoPanorama, From C:/Program Files/Epic Games/UE_4.14/Engine/Plugins/Experimental/StereoPanorama/StereoPanorama.uplugin
LogPluginManager: Loaded Plugin StructBox, From C:/Program Files/Epic Games/UE_4.14/Engine/Plugins/Experimental/StructBox/StructBox.uplugin
LogPluginManager: Loaded Plugin AndroidMedia, From C:/Program Files/Epic Games/UE_4.14/Engine/Plugins/Media/AndroidMedia/AndroidMedia.uplugin
LogPluginManager: Loaded Plugin AvfMedia, From C:/Program Files/Epic Games/UE_4.14/Engine/Plugins/Media/AvfMedia/AvfMedia.uplugin
LogPluginManager: Loaded Plugin MediaPlayerEditor, From C:/Program Files/Epic Games/UE_4.14/Engine/Plugins/Media/MediaPlayerEditor/MediaPlayerEditor.uplugin
LogPluginManager: Loaded Plugin WmfMedia, From C:/Program Files/Epic Games/UE_4.14/Engine/Plugins/Media/WmfMedia/WmfMedia.uplugin
LogPluginManager: Loaded Plugin MessagingDebugger, From C:/Program Files/Epic Games/UE_4.14/Engine/Plugins/Messaging/MessagingDebugger/MessagingDebugger.uplugin
LogPluginManager: Loaded Plugin TcpMessaging, From C:/Program Files/Epic Games/UE_4.14/Engine/Plugins/Messaging/TcpMessaging/TcpMessaging.uplugin
LogPluginManager: Loaded Plugin UdpMessaging, From C:/Program Files/Epic Games/UE_4.14/Engine/Plugins/Messaging/UdpMessaging/UdpMessaging.uplugin
LogPluginManager: Loaded Plugin LevelSequenceEditor, From C:/Program Files/Epic Games/UE_4.14/Engine/Plugins/MovieScene/LevelSequenceEditor/LevelSequenceEditor.uplugin
LogPluginManager: Loaded Plugin MatineeToLevelSequence, From C:/Program Files/Epic Games/UE_4.14/Engine/Plugins/MovieScene/MatineeToLevelSequence/MatineeToLevelSequence.uplugin
LogPluginManager: Loaded Plugin NetcodeUnitTest, From C:/Program Files/Epic Games/UE_4.14/Engine/Plugins/NetcodeUnitTest/NetcodeUnitTest/NetcodeUnitTest.uplugin
LogPluginManager: Loaded Plugin NUTUnrealEngine4, From C:/Program Files/Epic Games/UE_4.14/Engine/Plugins/NetcodeUnitTest/NUTUnrealEngine4/NUTUnrealEngine4.uplugin
LogPluginManager: Loaded Plugin OnlineSubsystemGameCircle, From C:/Program Files/Epic Games/UE_4.14/Engine/Plugins/Online/Android/OnlineSubsystemGameCircle/OnlineSubsystemGameCircle.uplugin
LogPluginManager: Loaded Plugin OnlineSubsystemGooglePlay, From C:/Program Files/Epic Games/UE_4.14/Engine/Plugins/Online/Android/OnlineSubsystemGooglePlay/OnlineSubsystemGooglePlay.uplugin
LogPluginManager: Loaded Plugin OnlineSubsystemIOS, From C:/Program Files/Epic Games/UE_4.14/Engine/Plugins/Online/IOS/OnlineSubsystemIOS/OnlineSubsystemIOS.uplugin
LogPluginManager: Loaded Plugin OnlineFramework, From C:/Program Files/Epic Games/UE_4.14/Engine/Plugins/Online/OnlineFramework/OnlineFramework.uplugin
LogPluginManager: Loaded Plugin OnlineSubsystem, From C:/Program Files/Epic Games/UE_4.14/Engine/Plugins/Online/OnlineSubsystem/OnlineSubsystem.uplugin
LogPluginManager: Loaded Plugin OnlineSubsystemAmazon, From C:/Program Files/Epic Games/UE_4.14/Engine/Plugins/Online/OnlineSubsystemAmazon/OnlineSubsystemAmazon.uplugin
LogPluginManager: Loaded Plugin OnlineSubsystemFacebook, From C:/Program Files/Epic Games/UE_4.14/Engine/Plugins/Online/OnlineSubsystemFacebook/OnlineSubsystemFacebook.uplugin
LogPluginManager: Loaded Plugin OnlineSubsystemNull, From C:/Program Files/Epic Games/UE_4.14/Engine/Plugins/Online/OnlineSubsystemNull/OnlineSubsystemNull.uplugin
LogPluginManager: Loaded Plugin OnlineSubsystemOculus, From C:/Program Files/Epic Games/UE_4.14/Engine/Plugins/Online/OnlineSubsystemOculus/OnlineSubsystemOculus.uplugin
LogPluginManager: Loaded Plugin OnlineSubsystemSteam, From C:/Program Files/Epic Games/UE_4.14/Engine/Plugins/Online/OnlineSubsystemSteam/OnlineSubsystemSteam.uplugin
LogPluginManager: Loaded Plugin OnlineSubsystemUtils, From C:/Program Files/Epic Games/UE_4.14/Engine/Plugins/Online/OnlineSubsystemUtils/OnlineSubsystemUtils.uplugin
LogPluginManager: Loaded Plugin IOSTapJoy, From C:/Program Files/Epic Games/UE_4.14/Engine/Plugins/Runtime/Advertising/IOSTapJoy/IOSTapJoy.uplugin
LogPluginManager: Loaded Plugin AnalyticsBlueprintLibrary, From C:/Program Files/Epic Games/UE_4.14/Engine/Plugins/Runtime/Analytics/AnalyticsBlueprintLibrary/AnalyticsBlueprintLibrary.uplugin
LogPluginManager: Loaded Plugin AnalyticsMulticast, From C:/Program Files/Epic Games/UE_4.14/Engine/Plugins/Runtime/Analytics/AnalyticsMulticast/AnalyticsMulticast.uplugin
LogPluginManager: Loaded Plugin Apsalar, From C:/Program Files/Epic Games/UE_4.14/Engine/Plugins/Runtime/Analytics/Apsalar/Apsalar.uplugin
LogPluginManager: Loaded Plugin FileLogging, From C:/Program Files/Epic Games/UE_4.14/Engine/Plugins/Runtime/Analytics/FileLogging/FileLogging.uplugin
LogPluginManager: Loaded Plugin Flurry, From C:/Program Files/Epic Games/UE_4.14/Engine/Plugins/Runtime/Analytics/Flurry/Flurry.uplugin
LogPluginManager: Loaded Plugin AndroidDeviceProfileSelector, From C:/Program Files/Epic Games/UE_4.14/Engine/Plugins/Runtime/AndroidDeviceProfileSelector/AndroidDeviceProfileSelector.uplugin
LogPluginManager: Loaded Plugin AndroidMoviePlayer, From C:/Program Files/Epic Games/UE_4.14/Engine/Plugins/Runtime/AndroidMoviePlayer/AndroidMoviePlayer.uplugin
LogPluginManager: Loaded Plugin AppleMoviePlayer, From C:/Program Files/Epic Games/UE_4.14/Engine/Plugins/Runtime/AppleMoviePlayer/AppleMoviePlayer.uplugin
LogPluginManager: Loaded Plugin ArchVisCharacter, From C:/Program Files/Epic Games/UE_4.14/Engine/Plugins/Runtime/ArchVisCharacter/ArchVisCharacter.uplugin
LogPluginManager: Loaded Plugin CableComponent, From C:/Program Files/Epic Games/UE_4.14/Engine/Plugins/Runtime/CableComponent/CableComponent.uplugin
LogPluginManager: Loaded Plugin CustomMeshComponent, From C:/Program Files/Epic Games/UE_4.14/Engine/Plugins/Runtime/CustomMeshComponent/CustomMeshComponent.uplugin
LogPluginManager: Loaded Plugin ExampleDeviceProfileSelector, From C:/Program Files/Epic Games/UE_4.14/Engine/Plugins/Runtime/ExampleDeviceProfileSelector/ExampleDeviceProfileSelector.uplugin
LogPluginManager: Loaded Plugin GearVR, From C:/Program Files/Epic Games/UE_4.14/Engine/Plugins/Runtime/GearVR/GearVR.uplugin
LogPluginManager: Loaded Plugin GoogleVRController, From C:/Program Files/Epic Games/UE_4.14/Engine/Plugins/Runtime/GoogleVR/GoogleVRController/GoogleVRController.uplugin
LogPluginManager: Loaded Plugin GoogleVRHMD, From C:/Program Files/Epic Games/UE_4.14/Engine/Plugins/Runtime/GoogleVR/GoogleVRHMD/GoogleVRHMD.uplugin
LogPluginManager: Loaded Plugin IOSDeviceProfileSelector, From C:/Program Files/Epic Games/UE_4.14/Engine/Plugins/Runtime/IOSDeviceProfileSelector/IOSDeviceProfileSelector.uplugin
LogPluginManager: Loaded Plugin LeapMotion, From C:/Program Files/Epic Games/UE_4.14/Engine/Plugins/Runtime/LeapMotion/LeapMotion.uplugin
LogPluginManager: Loaded Plugin LinuxDeviceProfileSelector, From C:/Program Files/Epic Games/UE_4.14/Engine/Plugins/Runtime/LinuxDeviceProfileSelector/LinuxDeviceProfileSelector.uplugin
LogPluginManager: Loaded Plugin MIDIDevice, From C:/Program Files/Epic Games/UE_4.14/Engine/Plugins/Runtime/MIDIDevice/MIDIDevice.uplugin
LogPluginManager: Loaded Plugin MobilePatchingUtils, From C:/Program Files/Epic Games/UE_4.14/Engine/Plugins/Runtime/MobilePatchingUtils/MobilePatchingUtils.uplugin
LogPluginManager: Loaded Plugin Ansel, From C:/Program Files/Epic Games/UE_4.14/Engine/Plugins/Runtime/Nvidia/Ansel/Ansel.uplugin
LogPluginManager: Loaded Plugin OculusAudio, From C:/Program Files/Epic Games/UE_4.14/Engine/Plugins/Runtime/OculusAudio/OculusAudio.uplugin
LogPluginManager: Loaded Plugin OculusInput, From C:/Program Files/Epic Games/UE_4.14/Engine/Plugins/Runtime/OculusInput/OculusInput.uplugin
LogPluginManager: Loaded Plugin OculusLibrary, From C:/Program Files/Epic Games/UE_4.14/Engine/Plugins/Runtime/OculusLibrary/OculusLibrary.uplugin
LogPluginManager: Loaded Plugin OculusRift, From C:/Program Files/Epic Games/UE_4.14/Engine/Plugins/Runtime/OculusRift/OculusRift.uplugin
LogPluginManager: Loaded Plugin Oodle, From C:/Program Files/Epic Games/UE_4.14/Engine/Plugins/Runtime/PacketHandlers/CompressionComponents/Oodle/Oodle.uplugin
LogPluginManager: Loaded Plugin ProceduralMeshComponent, From C:/Program Files/Epic Games/UE_4.14/Engine/Plugins/Runtime/ProceduralMeshComponent/ProceduralMeshComponent.uplugin
LogPluginManager: Loaded Plugin SoundMod, From C:/Program Files/Epic Games/UE_4.14/Engine/Plugins/Runtime/SoundMod/SoundMod.uplugin
LogPluginManager: Loaded Plugin SoundVisualizations, From C:/Program Files/Epic Games/UE_4.14/Engine/Plugins/Runtime/SoundVisualizations/SoundVisualizations.uplugin
LogPluginManager: Loaded Plugin SteamController, From C:/Program Files/Epic Games/UE_4.14/Engine/Plugins/Runtime/Steam/SteamController/SteamController.uplugin
LogPluginManager: Loaded Plugin SteamVR, From C:/Program Files/Epic Games/UE_4.14/Engine/Plugins/Runtime/Steam/SteamVR/SteamVR.uplugin
LogPluginManager: Loaded Plugin WebBrowserWidget, From C:/Program Files/Epic Games/UE_4.14/Engine/Plugins/Runtime/WebBrowserWidget/WebBrowserWidget.uplugin
LogPluginManager: Loaded Plugin WindowsDeviceProfileSelector, From C:/Program Files/Epic Games/UE_4.14/Engine/Plugins/Runtime/WindowsDeviceProfileSelector/WindowsDeviceProfileSelector.uplugin
LogPluginManager: Loaded Plugin WindowsMoviePlayer, From C:/Program Files/Epic Games/UE_4.14/Engine/Plugins/Runtime/WindowsMoviePlayer/WindowsMoviePlayer.uplugin
LogPluginManager: Loaded Plugin ScriptPlugin, From C:/Program Files/Epic Games/UE_4.14/Engine/Plugins/ScriptPlugin/ScriptPlugin.uplugin
LogPluginManager: Loaded Plugin SlateRemote, From C:/Program Files/Epic Games/UE_4.14/Engine/Plugins/Slate/SlateRemote/SlateRemote.uplugin
LogPluginManager: Loaded Plugin EditorTests, From C:/Program Files/Epic Games/UE_4.14/Engine/Plugins/Tests/EditorTests/EditorTests.uplugin
LogPluginManager: Loaded Plugin FbxAutomationTestBuilder, From C:/Program Files/Epic Games/UE_4.14/Engine/Plugins/Tests/FbxAutomationTestBuilder/FbxAutomationTestBuilder.uplugin
LogPluginManager: Loaded Plugin FunctionalTestingEditor, From C:/Program Files/Epic Games/UE_4.14/Engine/Plugins/Tests/FunctionalTestingEditor/FunctionalTestingEditor.uplugin
LogPluginManager: Loaded Plugin RuntimeTests, From C:/Program Files/Epic Games/UE_4.14/Engine/Plugins/Tests/RuntimeTests/RuntimeTests.uplugin
LogPluginManager: Loaded Plugin ScreenshotTools, From C:/Program Files/Epic Games/UE_4.14/Engine/Plugins/Tests/ScreenshotTools/ScreenshotTools.uplugin
LogInit: Using libcurl 7.47.1
LogInit:  - built for x86_64-pc-win32
LogInit:  - supports SSL with OpenSSL/1.0.2g
LogInit:  - supports HTTP deflate (compression) using libz 1.2.8
LogInit:  - other features:
LogInit:      CURL_VERSION_SSL
LogInit:      CURL_VERSION_LIBZ
LogInit:      CURL_VERSION_IPV6
LogInit:      CURL_VERSION_ASYNCHDNS
LogInit:      CURL_VERSION_LARGEFILE
LogInit:      CURL_VERSION_IDN
LogInit:  CurlRequestOptions (configurable via config and command line):
LogInit:  - bVerifyPeer = false  - Libcurl will NOT verify peer certificate
LogInit:  - bUseHttpProxy = false  - Libcurl will NOT use HTTP proxy
LogInit:  - bDontReuseConnections = false  - Libcurl will reuse connections
LogInit:  - CertBundlePath = nullptr  - Libcurl will use whatever was configured at build time.
LogInit: Build: ++UE4+Release-4.14-CL-3249277
LogInit: Engine Version: 4.14.3-3249277+++UE4+Release-4.14
LogInit: Compatible Engine Version: 4.14.0-3195953+++UE4+Release-4.14
LogInit: Net CL: 3195953
LogDevObjectVersion: Number of dev versions registered: 13
LogDevObjectVersion:   Dev-Blueprints (B0D832E4-1F89-4F0D-ACCF-7EB736FD4AA2): 7
LogDevObjectVersion:   Dev-Build (E1C64328-A22C-4D53-A36C-8E866417BD8C): 0
LogDevObjectVersion:   Dev-Core (375EC13C-06E4-48FB-B500-84F0262A717E): 1
LogDevObjectVersion:   Dev-Editor (E4B068ED-F494-42E9-A231-DA0B2E46BB41): 8
LogDevObjectVersion:   Dev-Framework (CFFC743F-43B0-4480-9391-14DF171D2073): 17
LogDevObjectVersion:   Dev-Mobile (B02B49B5-BB20-44E9-A304-32B752E40360): 0
LogDevObjectVersion:   Dev-Networking (A4E4105C-59A1-49B5-A7C5-40C4547EDFEE): 0
LogDevObjectVersion:   Dev-Online (39C831C9-5AE6-47DC-9A44-9C173E1C8E7C): 0
LogDevObjectVersion:   Dev-Physics (78F01B33-EBEA-4F98-B9B4-84EACCB95AA2): 0
LogDevObjectVersion:   Dev-Platform (6631380F-2D4D-43E0-8009-CF276956A95A): 0
LogDevObjectVersion:   Dev-Rendering (12F88B9F-8875-4AFC-A67C-D90C383ABD29): 12
LogDevObjectVersion:   Dev-Sequencer (7B5AE74C-D270-4C10-A958-57980B212A5A): 1
LogDevObjectVersion:   Dev-VR (D7296918-1DD6-4BDD-9DE2-64A83CC13884): 0
LogInit: Compiled (64-bit): Jan  6 2017 10:49:43
LogInit: Compiled with Visual C++: 19.00.23026.00
LogInit: Build Configuration: Development
LogInit: Branch Name: ++UE4+Release-4.14
LogInit: Command line:  
LogInit: Base directory: C:/Program Files/Epic Games/UE_4.14/Engine/Binaries/Win64/
LogInit: Installed Engine Build: 1
LogInit: Presizing for max 8388607 objects, including 0 objects not considered by GC, pre-allocating 0 bytes for permanent pool.
LogInit: Object subsystem initialized
[2017.05.22-00.11.08:757][  0]LogInit: Selected Device Profile: [Windows]
[2017.05.22-00.11.08:757][  0]LogInit: Applying CVar settings loaded from the selected device profile: [Windows]
[2017.05.22-00.11.08:766][  0]LogInit: Computer: DESKTOP-5LFIG7T
[2017.05.22-00.11.08:766][  0]LogInit: User: Zihao
[2017.05.22-00.11.08:766][  0]LogInit: CPU Page size=65536, Cores=4
[2017.05.22-00.11.08:766][  0]LogInit: High frequency timer resolution =3.328125 MHz
[2017.05.22-00.11.08:767][  0]LogMemory: Memory total: Physical=39.9GB (40GB approx)
[2017.05.22-00.11.08:767][  0]LogMemory: Platform Memory Stats for Windows
[2017.05.22-00.11.08:767][  0]LogMemory: Process Physical Memory: 264.43 MB used, 264.43 MB peak
[2017.05.22-00.11.08:767][  0]LogMemory: Process Virtual Memory: 262.76 MB used, 262.76 MB peak
[2017.05.22-00.11.08:767][  0]LogMemory: Physical Memory: 7061.32 MB used,  33801.37 MB free, 40862.69 MB total
[2017.05.22-00.11.08:767][  0]LogMemory: Virtual Memory: 676.42 MB used,  33801.37 MB free, 134217728.00 MB total
[2017.05.22-00.11.08:786][  0]LogTextLocalizationManager: No specific translations for ('en-US') exist, so ('en') translations will be used.
[2017.05.22-00.11.09:259][  0]LogD3D11RHI: D3D11 adapters:
[2017.05.22-00.11.09:287][  0]LogD3D11RHI:    0. 'NVIDIA GeForce GTX 1070' (Feature Level 11_0)
[2017.05.22-00.11.09:287][  0]LogD3D11RHI:       8145/0/20431 MB DedicatedVideo/DedicatedSystem/SharedSystem, Outputs:1, VendorId:0x10de
[2017.05.22-00.11.09:293][  0]LogD3D11RHI:    1. 'Intel(R) HD Graphics 530' (Feature Level 11_0)
[2017.05.22-00.11.09:293][  0]LogD3D11RHI:       128/0/20431 MB DedicatedVideo/DedicatedSystem/SharedSystem, Outputs:0, VendorId:0x8086
[2017.05.22-00.11.09:294][  0]LogD3D11RHI:    2. 'Microsoft Basic Render Driver' (Feature Level 11_0)
[2017.05.22-00.11.09:294][  0]LogD3D11RHI:       0/0/20431 MB DedicatedVideo/DedicatedSystem/SharedSystem, Outputs:0, VendorId:0x1414
[2017.05.22-00.11.09:294][  0]LogD3D11RHI: Chosen D3D11 Adapter: 0
[2017.05.22-00.11.09:297][  0]LogD3D11RHI: Creating new Direct3DDevice
[2017.05.22-00.11.09:297][  0]LogD3D11RHI:     GPU DeviceId: 0x1b81 (for the marketing name, search the web for "GPU Device Id")
[2017.05.22-00.11.09:297][  0]LogWindows: EnumDisplayDevices:
[2017.05.22-00.11.09:297][  0]LogWindows:    0. 'NVIDIA GeForce GTX 1070' (P:1 D:1)
[2017.05.22-00.11.09:297][  0]LogWindows:    1. 'NVIDIA GeForce GTX 1070' (P:0 D:0)
[2017.05.22-00.11.09:298][  0]LogWindows:    2. 'NVIDIA GeForce GTX 1070' (P:0 D:0)
[2017.05.22-00.11.09:298][  0]LogWindows:    3. 'NVIDIA GeForce GTX 1070' (P:0 D:0)
[2017.05.22-00.11.09:298][  0]LogWindows:    4. 'Intel(R) HD Graphics 530' (P:0 D:0)
[2017.05.22-00.11.09:298][  0]LogWindows:    5. 'Intel(R) HD Graphics 530' (P:0 D:0)
[2017.05.22-00.11.09:298][  0]LogWindows:    6. 'Intel(R) HD Graphics 530' (P:0 D:0)
[2017.05.22-00.11.09:298][  0]LogWindows: DebugString: PrimaryIsNotTheChoosenAdapter PrimaryIsNotTheChoosenAdapter PrimaryIsNotTheChoosenAdapter FoundDriverCount:4 
[2017.05.22-00.11.09:298][  0]LogD3D11RHI:     Adapter Name: NVIDIA GeForce GTX 1070
[2017.05.22-00.11.09:298][  0]LogD3D11RHI:   Driver Version: 369.09 (internal:21.21.13.6909, unified:369.09)
[2017.05.22-00.11.09:298][  0]LogD3D11RHI:      Driver Date: 8-1-2016
[2017.05.22-00.11.09:298][  0]LogRHI: Texture pool is 1361 MB (70% of 1945 MB)
[2017.05.22-00.11.09:314][  0]LogD3D11RHI: Async texture creation enabled
[2017.05.22-00.11.09:323][  0]LogD3D11RHI: GPU Timing Frequency: 1000.000000 (Debug: 2 1)
[2017.05.22-00.11.09:323][  0]LogShaderCompilers: Guid format shader working directory is -30 characters bigger than the processId version (../../../../../../Users/Zihao/Documents/Unreal Projects/RealisticRendering2/Intermediate/Shaders/WorkingDirectory/11360/).
[2017.05.22-00.11.09:324][  0]LogShaderCompilers: Cleaned the shader compiler working directory 'C:/Users/Zihao/AppData/Local/Temp/UnrealShaderWorkingDir/C2743CFE44440123F7C87AA81BB9F363/'.
[2017.05.22-00.11.09:324][  0]LogShaderCompilers:Display: Using Local Shader Compiler.
[2017.05.22-00.11.10:157][  0]LogTemp:Display: Loaded TP AllDesktopTargetPlatform
[2017.05.22-00.11.10:202][  0]LogTemp:Display: Loaded TP MacClientTargetPlatform
[2017.05.22-00.11.10:247][  0]LogTemp:Display: Loaded TP MacNoEditorTargetPlatform
[2017.05.22-00.11.10:292][  0]LogTemp:Display: Loaded TP MacServerTargetPlatform
[2017.05.22-00.11.10:337][  0]LogTemp:Display: Loaded TP MacTargetPlatform
[2017.05.22-00.11.10:385][  0]LogTemp:Display: Loaded TP WindowsClientTargetPlatform
[2017.05.22-00.11.10:430][  0]LogTemp:Display: Loaded TP WindowsNoEditorTargetPlatform
[2017.05.22-00.11.10:475][  0]LogTemp:Display: Loaded TP WindowsServerTargetPlatform
[2017.05.22-00.11.10:508][  0]LogTemp:Display: Loaded TP WindowsTargetPlatform
[2017.05.22-00.11.10:553][  0]LogTemp:Display: Loaded TP AndroidTargetPlatform
[2017.05.22-00.11.10:598][  0]LogTemp:Display: Loaded TP Android_ASTCTargetPlatform
[2017.05.22-00.11.10:641][  0]LogTemp:Display: Loaded TP Android_ATCTargetPlatform
[2017.05.22-00.11.10:689][  0]LogTemp:Display: Loaded TP Android_DXTTargetPlatform
[2017.05.22-00.11.10:734][  0]LogTemp:Display: Loaded TP Android_ETC1TargetPlatform
[2017.05.22-00.11.10:781][  0]LogTemp:Display: Loaded TP Android_ETC2TargetPlatform
[2017.05.22-00.11.10:869][  0]LogTemp:Display: Loaded TP Android_MultiTargetPlatform
[2017.05.22-00.11.10:869][  0]LogTemp:Display: Loaded TP Android_PVRTCTargetPlatform
[2017.05.22-00.11.10:896][  0]LogTemp:Display: Loaded TP HTML5TargetPlatform
[2017.05.22-00.11.10:968][  0]LogTemp:Display: Loaded TP IOSTargetPlatform
[2017.05.22-00.11.10:999][  0]LogTemp:Display: Loaded TP TVOSTargetPlatform
[2017.05.22-00.11.11:042][  0]LogTemp:Display: Loaded TP LinuxClientTargetPlatform
[2017.05.22-00.11.11:086][  0]LogTemp:Display: Loaded TP LinuxNoEditorTargetPlatform
[2017.05.22-00.11.11:129][  0]LogTemp:Display: Loaded TP LinuxServerTargetPlatform
[2017.05.22-00.11.11:173][  0]LogTemp:Display: Loaded TP LinuxTargetPlatform
[2017.05.22-00.11.11:173][  0]LogTargetPlatformManager:Display: Building Assets For Windows
[2017.05.22-00.11.11:466][  0]LogDerivedDataCache:Display: Max Cache Size: 512 MB
[2017.05.22-00.11.11:515][  0]LogDerivedDataCache: Loaded boot cache 0.05s 64MB C:/Users/Zihao/AppData/Local/UnrealEngine/4.14/DerivedDataCache/Boot.ddc.
[2017.05.22-00.11.11:515][  0]LogDerivedDataCache:Display: Loaded Boot cache: C:/Users/Zihao/AppData/Local/UnrealEngine/4.14/DerivedDataCache/Boot.ddc
[2017.05.22-00.11.11:515][  0]LogDerivedDataCache: FDerivedDataBackendGraph:  Pak pak cache file ../../../../../../Users/Zihao/Documents/Unreal Projects/RealisticRendering2/DerivedDataCache/DDC.ddp not found, will not use a pak cache.
[2017.05.22-00.11.11:515][  0]LogDerivedDataCache: Unable to find inner node Pak for hierarchical cache Hierarchy.
[2017.05.22-00.11.11:516][  0]LogDerivedDataCache:Display: Pak cache opened for reading ../../../../../../Users/Zihao/Documents/Unreal Projects/RealisticRendering2/DerivedDataCache/Compressed.ddp.
[2017.05.22-00.11.11:531][  0]LogDerivedDataCache:Display: Pak cache opened for reading ../../../Engine/DerivedDataCache/Compressed.ddp.
[2017.05.22-00.11.11:543][  0]LogDerivedDataCache: Using Local data cache path C:/Users/Zihao/AppData/Local/UnrealEngine/Common/DerivedDataCache: Writable
[2017.05.22-00.11.11:696][  0]LogInit: Selected Device Profile: [Windows]
[2017.05.22-00.11.11:698][  0]LogContentStreaming: Texture pool size is 0.00 MB
[2017.05.22-00.11.11:860][  0]LogMeshUtilities: Using QuadricMeshReduction for automatic static mesh reduction
[2017.05.22-00.11.11:891][  0]LogSimplygon: Simplygon DLL not present - disabling.
[2017.05.22-00.11.11:924][  0]LogMeshUtilities: Using SimplygonSwarm for distributed automatic mesh merging
[2017.05.22-00.11.11:924][  0]LogMeshUtilities: No automatic skeletal mesh reduction module available
[2017.05.22-00.11.11:924][  0]LogMeshUtilities: No automatic mesh merging module available
[2017.05.22-00.11.12:318][  0]LogNetVersion: GetLocalNetworkVersion: CL: 3195953, ProjectName: realisticrendering2, ProjectVersion: , EngineNetworkVersion: 2, GameNetworkVersion: 0, NetworkChecksum: 1048520017
[2017.05.22-00.11.12:368][  0]LogAssetRegistry: FAssetRegistry took 0.0224 seconds to start up
[2017.05.22-00.11.12:406][  0]LogPackageLocalizationCache: Processed 3 localized package path(s) for 2 prioritized culture(s) in 0.022234 seconds
[2017.05.22-00.11.12:410][  0]LogUObjectArray: 31946 objects as part of root set at end of initial load.
[2017.05.22-00.11.12:410][  0]LogUObjectAllocator: 6935840 out of 0 bytes used by permanent object pool.
[2017.05.22-00.11.12:410][  0]LogUObjectArray: CloseDisregardForGC: 0/0 objects in disregard for GC pool
[2017.05.22-00.11.12:456][  0]LogInit: WinSock: version 1.1 (2.2), MaxSocks=32767, MaxUdp=65467
[2017.05.22-00.11.12:997][  0]LogSlate: Using Freetype 2.6.0
[2017.05.22-00.11.12:997][  0]LogSlate: SlateFontCache - WITH_FREETYPE: 1, WITH_HARFBUZZ: 1
[2017.05.22-00.11.12:997][  0]LogSlate: SlateFontCache - WITH_FREETYPE: 1, WITH_HARFBUZZ: 1
[2017.05.22-00.11.13:589][  0]LogTcpMessaging: Initializing TcpMessaging bridge
[2017.05.22-00.11.13:621][  0]LogUdpMessaging: Initializing bridge on interface 0.0.0.0:0 to multicast group 230.0.0.1:6666.
[2017.05.22-00.11.13:864][  0]LogMaterial: Uniform references updated for custom material expression Custom.
[2017.05.22-00.11.14:141][  0]SourceControl: Info Source control is disabled
[2017.05.22-00.11.14:171][  0]SourceControl: Info Source control is disabled
[2017.05.22-00.11.14:205][  0]SourceControl: Info Source control is disabled
[2017.05.22-00.11.14:238][  0]SourceControl: Info Source control is disabled
[2017.05.22-00.11.15:171][  0]LogEngine: Initializing Engine...
[2017.05.22-00.11.15:187][  0]LogHMD: Failed to initialize OpenVR with code 108
[2017.05.22-00.11.15:370][  0]LogAIModule: Creating AISystem for world Untitled
[2017.05.22-00.11.15:380][  0]LogInit: XAudio2 using 'DELL U2414H-8 (NVIDIA High Definition Audio)' : 2 channels at 48 kHz using 16 bits per sample (channel mask 0x3)
[2017.05.22-00.11.15:395][  0]LogInit: FAudioDevice initialized.
[2017.05.22-00.11.15:422][  0]LogDerivedDataCache: Saved boot cache 0.03s 64MB C:/Users/Zihao/AppData/Local/UnrealEngine/4.14/DerivedDataCache/Boot.ddc.
[2017.05.22-00.11.15:429][  0]LogInit: Texture streaming: Enabled
[2017.05.22-00.11.15:570][  0]LogInit: Transaction tracking system initialized
[2017.05.22-00.11.15:827][  0]BlueprintLog: New page: Editor Load
[2017.05.22-00.11.16:480][  0]LocalizationService: Info Localization service is disabled
[2017.05.22-00.11.16:965][  0]LogConsoleResponse:Display: 
[2017.05.22-00.11.17:071][  0]LogCook:Display: Max memory allowance for cook 16384mb min free memory 0mb
[2017.05.22-00.11.17:071][  0]LogCook:Display: Mobile HDR setting 1
[2017.05.22-00.11.17:108][  0]LogFileCache: Scanning file cache for directory 'C:/Users/Zihao/Documents/Unreal Projects/RealisticRendering2/Content/' took 0.01s
[2017.05.22-00.11.17:774][  0]SourceControl: Info Source control is disabled
[2017.05.22-00.11.17:774][  0]Cmd: MAP LOAD FILE="../../../../../../Users/Zihao/Documents/Unreal Projects/RealisticRendering2/Content/Maps/Room.umap" TEMPLATE=0 SHOWPROGRESS=1 FEATURELEVEL=3
[2017.05.22-00.11.17:774][  0]LightingResults: New page: Lighting Build
[2017.05.22-00.11.17:804][  0]MapCheck: New page: Map Check
[2017.05.22-00.11.17:804][  0]LightingResults: New page: Lighting Build
[2017.05.22-00.11.18:316][  0]LogAIModule: Creating AISystem for world Room
[2017.05.22-00.11.18:316][  0]LogActorComponent: RegisterComponentWithWorld: (/Game/Maps/Room.Room:PersistentLevel.WorldInfo_0.StaticMeshComponent0) Trying to register component with IsPendingKill() == true. Aborting.
[2017.05.22-00.11.18:330][  0]LogEditorServer: Finished looking for orphan Actors (0.000 secs)
[2017.05.22-00.11.18:330][  0]Cmd: MAP CHECKDEP NOCLEARLOG
[2017.05.22-00.11.18:384][  0]MapCheck: Info Map check complete: 0 Error(s), 0 Warning(s), took 53.922ms to complete.
[2017.05.22-00.11.18:384][  0]LogFileHelpers: Loading map 'Room' took 0.611
[2017.05.22-00.11.18:432][  0]LogWindowsTextInputMethodSystem:Display: IME system now deactivated.
[2017.05.22-00.11.18:490][  0]LogCollectionManager: Loaded 0 collections in 0.001131 seconds
[2017.05.22-00.11.18:557][  0]LogFileCache: Scanning file cache for directory 'C:/Users/Zihao/Documents/Unreal Projects/RealisticRendering2/Saved/Collections/' took 0.01s
[2017.05.22-00.11.18:557][  0]LogFileCache: Scanning file cache for directory 'C:/Users/Zihao/Documents/Unreal Projects/RealisticRendering2/Content/Developers/Zihao/Collections/' took 0.01s
[2017.05.22-00.11.18:557][  0]LogFileCache: Scanning file cache for directory 'C:/Users/Zihao/Documents/Unreal Projects/RealisticRendering2/Content/Collections/' took 0.01s
[2017.05.22-00.11.18:557][  0]LogCollectionManager: Rebuilt the GUID cache for 0 collections in 0.000001 seconds
[2017.05.22-00.11.18:564][  0]LogContentBrowser: Native class hierarchy populated in 0.0075 seconds. Added 2190 classes and 428 folders.
[2017.05.22-00.11.18:595][  0]LogStats: UGameplayTagsManager::ConstructGameplayTagTree: Construct from data asset -  0.000 s
[2017.05.22-00.11.18:595][  0]LogStats: UGameplayTagsManager::ConstructGameplayTagTree: GameplayTagTreeChangedEvent.Broadcast -  0.000 s
[2017.05.22-00.11.18:595][  0]LogContentBrowser: Native class hierarchy updated for 'GameplayTags' in 0.0004 seconds. Added 13 classes and 0 folders.
[2017.05.22-00.11.18:641][  0]LogContentBrowser: Native class hierarchy updated for 'WidgetCarousel' in 0.0004 seconds. Added 0 classes and 0 folders.
[2017.05.22-00.11.18:668][  0]LogContentBrowser: Native class hierarchy updated for 'AddContentDialog' in 0.0004 seconds. Added 0 classes and 0 folders.
[2017.05.22-00.11.18:698][  0]LogContentBrowser: Native class hierarchy updated for 'SceneOutliner' in 0.0003 seconds. Added 1 classes and 2 folders.
[2017.05.22-00.11.18:728][  0]LogCrashTracker: Crashtracker disabled due to settings.
[2017.05.22-00.11.18:733][  0]LogUObjectGlobals:Warning: Failed to find object 'Class None.'
[2017.05.22-00.11.18:788][  0]LogContentBrowser: Native class hierarchy updated for 'HierarchicalLODOutliner' in 0.0004 seconds. Added 1 classes and 2 folders.
[2017.05.22-00.11.18:788][  0]LogLoad: (Engine Initialization) Total time: 11.12 seconds
[2017.05.22-00.11.18:788][  0]LogLoad: (Engine Initialization) Total Blueprint compile time: 0.06 seconds
[2017.05.22-00.11.18:788][  0]LogExternalProfiler: Found external profiler: VSPerf
[2017.05.22-00.11.18:788][  0]LogExternalProfiler: Using external profiler: VSPerf
[2017.05.22-00.11.18:798][  0]LogOcInput: OculusInput pre-init called
[2017.05.22-00.11.18:812][  0]LogAssetRegistry: Asset discovery search completed in 6.4670 seconds
[2017.05.22-00.11.18:812][  0]LogCollectionManager: Rebuilt the object cache for 0 collections in 0.000001 seconds (found 0 objects)
[2017.05.22-00.11.18:812][  0]LogCollectionManager: Fixed up redirectors for 0 collections in 0.000011 seconds (updated 0 objects)
[2017.05.22-00.11.18:815][  0]LogContentStreaming: Texture pool size now 1000 MB
[2017.05.22-00.11.18:949][  0]LogRenderer: Reallocating scene render targets to support 1208x576 NumSamples 1 (Frame:2).
[2017.05.22-00.11.33:261][677]LogEditorViewport: Clicking on Actor (LMB): StaticMeshActor (WallPiece634)
[2017.05.22-00.11.37:482][175]Cmd: BRUSH ADD SELECTNEWBRUSH
[2017.05.22-00.11.44:089][943]Cmd: TRANSACTION UNDO
[2017.05.22-00.11.44:089][943]LogEditorTransaction: Undo Brush Add
[2017.05.22-00.11.52:105][903]LogEditorViewport: Clicking on Actor (LMB): StaticMeshActor (Carpet7)
[2017.05.22-00.11.59:286][757]Cmd: BRUSH ADD SELECTNEWBRUSH
[2017.05.22-00.12.04:563][379]LogEditorViewport: Clicking on Actor (LMB): Brush (Sphere Brush)
[2017.05.22-00.12.28:258][188]LogEditorViewport: Clicking on Actor (LMB): StaticMeshActor (WallPiece124)
[2017.05.22-00.12.38:341][389]LogTemp: Repeting last play command: Selected Viewport
[2017.05.22-00.12.38:352][389]LogBlueprintUserMessages: Early PlayInEditor Detection: Level '/Game/Maps/Room.Room:PersistentLevel' has LevelScriptBlueprint '/Game/Maps/Room.Room:PersistentLevel.Room' with GeneratedClass '/Game/Maps/Room.Room_C' with ClassGeneratedBy '/Game/Maps/Room.Room:PersistentLevel.Room'
[2017.05.22-00.12.38:352][389]LogPlayLevel: PlayLevel: No blueprints needed recompiling
[2017.05.22-00.12.38:352][389]PIE: New page: PIE session: Room (May 21, 2017, 4:12:38 PM)
[2017.05.22-00.12.38:352][389]LogPlayLevel: Creating play world package: /Game/Maps/UEDPIE_0_Room
[2017.05.22-00.12.38:387][389]LogPlayLevel: PIE: StaticDuplicateObject took: (0.035077s)
[2017.05.22-00.12.38:388][389]LogAIModule: Creating AISystem for world Room
[2017.05.22-00.12.38:388][389]LogPlayLevel: PIE: World Init took: (0.001091s)
[2017.05.22-00.12.38:389][389]LogPlayLevel: PIE: Created PIE world by copying editor world from /Game/Maps/Room.Room to /Game/Maps/UEDPIE_0_Room.Room (0.036716s)
[2017.05.22-00.12.38:408][389]LogInit: XAudio2 using 'DELL U2414H-8 (NVIDIA High Definition Audio)' : 2 channels at 48 kHz using 16 bits per sample (channel mask 0x3)
[2017.05.22-00.12.38:412][389]LogInit: FAudioDevice initialized.
[2017.05.22-00.12.38:452][389]LogLoad: Game class is 'MyGame_C'
[2017.05.22-00.12.38:459][389]LogWorld: Bringing World /Game/Maps/UEDPIE_0_Room.Room up for play (max tick rate 0) at 2017.05.21-20.12.38
[2017.05.22-00.12.38:460][389]LogWorld: Bringing up level for play took: 0.005519
[2017.05.22-00.12.38:491][389]LogContentBrowser: Native class hierarchy updated for 'MovieSceneCapture' in 0.0004 seconds. Added 11 classes and 0 folders.
[2017.05.22-00.12.38:491][389]LogGameMode:Display: Match State Changed from EnteringMap to WaitingToStart
[2017.05.22-00.12.38:491][389]LogGameState: Match State Changed from EnteringMap to WaitingToStart
[2017.05.22-00.12.38:491][389]LogGameMode:Display: Match State Changed from WaitingToStart to InProgress
[2017.05.22-00.12.38:493][389]LogGameState: Match State Changed from WaitingToStart to InProgress
[2017.05.22-00.12.38:493][389]PIE: Info Play in editor start time for /Game/Maps/UEDPIE_0_Room -0.556
[2017.05.22-00.12.38:498][389]LogBlueprintUserMessages: Late PlayInEditor Detection: Level '/Game/Maps/Room.Room:PersistentLevel' has LevelScriptBlueprint '/Game/Maps/Room.Room:PersistentLevel.Room' with GeneratedClass '/Game/Maps/Room.Room_C' with ClassGeneratedBy '/Game/Maps/Room.Room:PersistentLevel.Room'
[2017.05.22-00.13.01:135][100]LogBlueprintUserMessages: Early EndPlayMap Detection: Level '/Game/Maps/Room.Room:PersistentLevel' has LevelScriptBlueprint '/Game/Maps/Room.Room:PersistentLevel.Room' with GeneratedClass '/Game/Maps/Room.Room_C' with ClassGeneratedBy '/Game/Maps/Room.Room:PersistentLevel.Room'
[2017.05.22-00.13.01:177][100]LogBlueprintUserMessages: Late EndPlayMap Detection: Level '/Game/Maps/Room.Room:PersistentLevel' has LevelScriptBlueprint '/Game/Maps/Room.Room:PersistentLevel.Room' with GeneratedClass '/Game/Maps/Room.Room_C' with ClassGeneratedBy '/Game/Maps/Room.Room:PersistentLevel.Room'
[2017.05.22-00.13.22:555][637]Cmd: DELETE
[2017.05.22-00.13.22:555][637]Cmd: ACTOR DELETE
[2017.05.22-00.13.22:559][637]LogEditorActor: Deleted Actor: Brush
[2017.05.22-00.13.22:571][637]LogEditorActor: Deleted 1 Actors (0.013 secs)
[2017.05.22-00.13.43:771][180]LogEditorViewport: Clicking on Actor (LMB): StaticMeshActor (WallPiece634)
[2017.05.22-00.13.47:118][575]Cmd: BRUSH ADD SELECTNEWBRUSH
[2017.05.22-00.14.08:584][115]LogEditorViewport: Clicking on Actor (LMB): StaticMeshActor (WallPiece634)
[2017.05.22-00.14.35:695][346]LogEditorViewport: Clicking on Actor (LMB): Brush (Cone Brush)
[2017.05.22-00.14.38:764][711]LogEditorViewport: Clicking on Actor (LMB): StaticMeshActor (SM_Curtain45)
[2017.05.22-00.14.53:419][461]LogEditorViewport: Clicking on Actor (LMB): Brush (Cone Brush)
[2017.05.22-00.14.53:528][471]LogEditorViewport: Clicking on Actor (double click): Brush (Cone Brush)
[2017.05.22-00.14.54:402][570]Cmd: EDCALLBACK SURFPROPS
[2017.05.22-00.15.04:361][764]Cmd: POLY SELECT MATCHING TEXTURE
[2017.05.22-00.15.09:389][366]Cmd: POLY SELECT ADJACENT COPLANARS
[2017.05.22-00.15.16:787][248]Cmd: EDCALLBACK SURFPROPS
[2017.05.22-00.15.21:152][763]LogMaterial: Missing cached shader map for material DefaultMaterial, compiling. 
[2017.05.22-00.15.21:248][763]LogMaterial: Missing cached shader map for material DefaultMaterial, compiling. 
[2017.05.22-00.15.21:272][763]LogMaterial: 0.00 seconds spent updating 1 materials, 1 interfaces, 0 instances, 0 with static permutations.
[2017.05.22-00.15.21:297][763]LogMaterial: Missing cached shader map for material FMatExpressionPreview MaterialExpressionTextureSample_14, compiling. 
[2017.05.22-00.15.21:301][763]LogMaterial: Missing cached shader map for material FMatExpressionPreview MaterialExpressionTextureSample_15, compiling. 
[2017.05.22-00.15.21:305][763]LogMaterial: Missing cached shader map for material FMatExpressionPreview MaterialExpressionTextureSample_16, compiling. 
[2017.05.22-00.15.21:310][763]LogMaterial: Missing cached shader map for material FMatExpressionPreview MaterialExpressionConstant3Vector_3, compiling. 
[2017.05.22-00.15.21:315][763]LogMaterial: Missing cached shader map for material FMatExpressionPreview MaterialExpressionTextureSample_17, compiling. 
[2017.05.22-00.15.23:946][945]MaterialEditorStats: Info Base pass shader with static lighting: 87 instructions
[2017.05.22-00.15.23:946][945]MaterialEditorStats: Info Base pass shader with only dynamic lighting: 61 instructions
[2017.05.22-00.15.23:946][945]MaterialEditorStats: Info Vertex shader: 31 instructions
[2017.05.22-00.15.23:946][945]MaterialEditorStats: Info Texture samplers: 4/16
[2017.05.22-00.16.02:273][694]LogTemp: Repeting last play command: Selected Viewport
[2017.05.22-00.16.02:283][694]LogBlueprintUserMessages: Early PlayInEditor Detection: Level '/Game/Maps/Room.Room:PersistentLevel' has LevelScriptBlueprint '/Game/Maps/Room.Room:PersistentLevel.Room' with GeneratedClass '/Game/Maps/Room.Room_C' with ClassGeneratedBy '/Game/Maps/Room.Room:PersistentLevel.Room'
[2017.05.22-00.16.02:283][694]LogPlayLevel: PlayLevel: No blueprints needed recompiling
[2017.05.22-00.16.02:283][694]PIE: New page: PIE session: Room (May 21, 2017, 4:16:02 PM)
[2017.05.22-00.16.02:283][694]LogPlayLevel: Creating play world package: /Game/Maps/UEDPIE_0_Room
[2017.05.22-00.16.02:317][694]LogPlayLevel: PIE: StaticDuplicateObject took: (0.034144s)
[2017.05.22-00.16.02:318][694]LogAIModule: Creating AISystem for world Room
[2017.05.22-00.16.02:318][694]LogPlayLevel: PIE: World Init took: (0.001102s)
[2017.05.22-00.16.02:318][694]LogPlayLevel: PIE: Created PIE world by copying editor world from /Game/Maps/Room.Room to /Game/Maps/UEDPIE_0_Room.Room (0.035703s)
[2017.05.22-00.16.02:335][694]LogInit: XAudio2 using 'DELL U2414H-8 (NVIDIA High Definition Audio)' : 2 channels at 48 kHz using 16 bits per sample (channel mask 0x3)
[2017.05.22-00.16.02:339][694]LogInit: FAudioDevice initialized.
[2017.05.22-00.16.02:367][694]LogLoad: Game class is 'MyGame_C'
[2017.05.22-00.16.02:374][694]LogWorld: Bringing World /Game/Maps/UEDPIE_0_Room.Room up for play (max tick rate 0) at 2017.05.21-20.16.02
[2017.05.22-00.16.02:375][694]LogWorld: Bringing up level for play took: 0.005821
[2017.05.22-00.16.02:375][694]LogGameMode:Display: Match State Changed from EnteringMap to WaitingToStart
[2017.05.22-00.16.02:375][694]LogGameState: Match State Changed from EnteringMap to WaitingToStart
[2017.05.22-00.16.02:375][694]LogGameMode:Display: Match State Changed from WaitingToStart to InProgress
[2017.05.22-00.16.02:376][694]LogGameState: Match State Changed from WaitingToStart to InProgress
[2017.05.22-00.16.02:376][694]PIE: Info Play in editor start time for /Game/Maps/UEDPIE_0_Room -0.673
[2017.05.22-00.16.02:376][694]LogBlueprintUserMessages: Late PlayInEditor Detection: Level '/Game/Maps/Room.Room:PersistentLevel' has LevelScriptBlueprint '/Game/Maps/Room.Room:PersistentLevel.Room' with GeneratedClass '/Game/Maps/Room.Room_C' with ClassGeneratedBy '/Game/Maps/Room.Room:PersistentLevel.Room'
[2017.05.22-00.16.17:002][446]LogCharacterMovement: FPS_Character_C_0 is stuck and failed to move! Velocity: X=-0.48 Y=-0.78 Z=0.00 Location: X=-38.87 Y=21.04 Z=93.00 Normal: X=0.59 Y=0.59 Z=0.55 PenetrationDepth:0.000 Actor:None Component:ModelComponent_59 BoneName:None (0 other events since notify)
[2017.05.22-00.16.21:686][  8]LogBlueprintUserMessages: Early EndPlayMap Detection: Level '/Game/Maps/Room.Room:PersistentLevel' has LevelScriptBlueprint '/Game/Maps/Room.Room:PersistentLevel.Room' with GeneratedClass '/Game/Maps/Room.Room_C' with ClassGeneratedBy '/Game/Maps/Room.Room:PersistentLevel.Room'
[2017.05.22-00.16.21:724][  8]LogBlueprintUserMessages: Late EndPlayMap Detection: Level '/Game/Maps/Room.Room:PersistentLevel' has LevelScriptBlueprint '/Game/Maps/Room.Room:PersistentLevel.Room' with GeneratedClass '/Game/Maps/Room.Room_C' with ClassGeneratedBy '/Game/Maps/Room.Room:PersistentLevel.Room'
[2017.05.22-00.16.23:613][231]LogEditorViewport: Clicking on Actor (LMB): StaticMeshActor (WallPiece634)
[2017.05.22-00.16.37:199][852]LogMaterial: Missing cached shader map for material DefaultMaterial, compiling. 
[2017.05.22-00.16.37:275][852]LogMaterial: Missing cached shader map for material DefaultMaterial, compiling. 
[2017.05.22-00.16.37:296][852]LogMaterial: 0.00 seconds spent updating 1 materials, 1 interfaces, 0 instances, 0 with static permutations.
[2017.05.22-00.16.37:327][852]LogMaterial: Missing cached shader map for material FMatExpressionPreview MaterialExpressionTextureSample_14, compiling. 
[2017.05.22-00.16.37:332][852]LogMaterial: Missing cached shader map for material FMatExpressionPreview MaterialExpressionTextureSample_15, compiling. 
[2017.05.22-00.16.37:336][852]LogMaterial: Missing cached shader map for material FMatExpressionPreview MaterialExpressionTextureSample_16, compiling. 
[2017.05.22-00.16.37:341][852]LogMaterial: Missing cached shader map for material FMatExpressionPreview MaterialExpressionConstant3Vector_3, compiling. 
[2017.05.22-00.16.37:346][852]LogMaterial: Missing cached shader map for material FMatExpressionPreview MaterialExpressionTextureSample_17, compiling. 
[2017.05.22-00.16.39:781][ 31]MaterialEditorStats: Info Base pass shader with static lighting: 87 instructions
[2017.05.22-00.16.39:781][ 31]MaterialEditorStats: Info Base pass shader with only dynamic lighting: 61 instructions
[2017.05.22-00.16.39:781][ 31]MaterialEditorStats: Info Vertex shader: 31 instructions
[2017.05.22-00.16.39:781][ 31]MaterialEditorStats: Info Texture samplers: 4/16
[2017.05.22-00.18.41:065][238]LogEditorViewport: Clicking on Actor (LMB): StaticMeshActor (SM_CoffeeTable16)
[2017.05.22-00.18.49:657][253]LogEditorViewport: Clicking on Actor (LMB): StaticMeshActor (WallPiece634)
[2017.05.22-00.19.05:900][193]Cmd: EDCALLBACK SURFPROPS
[2017.05.22-00.19.11:136][821]Cmd: POLY TEXMULT UU=0.707107 VV=0.707107 UV=-0.707107 VU=0.707107
[2017.05.22-00.19.12:128][940]Cmd: POLY TEXMULT UU=-0.000000 VV=-0.000000 UV=-1.000000 VU=1.000000
[2017.05.22-00.19.43:927][750]LogEditorViewport: Clicking on Actor (LMB): StaticMeshActor (SM_CoffeeTable16)
[2017.05.22-00.19.44:705][839]LogEditorViewport: Clicking on Actor (LMB): StaticMeshActor (SM_Bowl29)
[2017.05.22-00.19.50:904][572]LogEditorViewport: Clicking on Actor (LMB): StaticMeshActor (SM_CoffeeTable16)
[2017.05.22-00.19.53:002][815]LogEditorViewport: Clicking on Actor (LMB): StaticMeshActor (BookLP7)
[2017.05.22-00.19.54:119][945]LogEditorViewport: Clicking on Actor (LMB): StaticMeshActor (WallPiece634)
[2017.05.22-00.20.29:923][918]LogEditorViewport: Clicking on Actor (LMB): Brush (Cone Brush)
[2017.05.22-00.20.30:678][  5]LogEditorViewport: Clicking on Actor (LMB): StaticMeshActor (SM_CoffeeTable16)
[2017.05.22-00.20.31:502][100]LogEditorViewport: Clicking on Actor (LMB): StaticMeshActor (EditorPlane25)
[2017.05.22-00.20.38:017][874]LogEditorViewport: Clicking on Actor (LMB): StaticMeshActor (WallPiece634)
[2017.05.22-00.21.05:234][131]LogEditorViewport: Clicking on Actor (LMB): StaticMeshActor (Carpet7)
[2017.05.22-00.22.01:718][793]LogSavePackage: Save=848.87ms
[2017.05.22-00.22.01:718][793]LogSavePackage: Moving '../../../../../../Users/Zihao/Documents/Unreal Projects/RealisticRendering2/Saved/Room_Auto189A27DC44B8C07CFADDB5C982CF95EB1.tmp' to '../../../../../../Users/Zihao/Documents/Unreal Projects/RealisticRendering2/Saved/Autosaves/Game/Maps/Room_Auto1.umap'
[2017.05.22-00.22.01:720][793]LogSavePackage:Display: Finished SavePackage ../../../../../../Users/Zihao/Documents/Unreal Projects/RealisticRendering2/Saved/Autosaves/Game/Maps/Room_Auto1.umap
[2017.05.22-00.22.01:726][793]LogFileHelpers: Editor autosave (incl. sublevels) for '/Game/Maps/Room' took 0.892
[2017.05.22-00.22.01:726][793]LogFileHelpers: Editor autosave (incl. sublevels) for all levels took 0.892
[2017.05.22-00.22.05:053][187]LogEditorViewport: Clicking on Actor (context menu): Brush (Cone Brush)
[2017.05.22-00.22.09:826][740]LogEditorViewport: Clicking on Actor (LMB): StaticMeshActor (WallPiece634)
[2017.05.22-00.22.18:195][732]LogEditorViewport: Clicking on Actor (LMB): StaticMeshActor (WallPiece634)
[2017.05.22-00.22.47:754][256]LogEditorViewport: Clicking on Actor (LMB): StaticMeshActor (WallPiece634)
[2017.05.22-00.22.52:897][861]LogEditorViewport: Clicking on Actor (LMB): Brush (Cone Brush)
[2017.05.22-00.22.55:146][125]LogEditorViewport: Clicking on Actor (LMB): StaticMeshActor (WallPiece634)
[2017.05.22-00.32.03:196][661]LogSavePackage: Save=848.77ms
[2017.05.22-00.32.03:196][661]LogSavePackage: Moving '../../../../../../Users/Zihao/Documents/Unreal Projects/RealisticRendering2/Saved/Room_Auto27D8B9BC9413196B1E58941B80B6D34B8.tmp' to '../../../../../../Users/Zihao/Documents/Unreal Projects/RealisticRendering2/Saved/Autosaves/Game/Maps/Room_Auto2.umap'
[2017.05.22-00.32.03:198][661]LogSavePackage:Display: Finished SavePackage ../../../../../../Users/Zihao/Documents/Unreal Projects/RealisticRendering2/Saved/Autosaves/Game/Maps/Room_Auto2.umap
[2017.05.22-00.32.03:200][661]LogFileHelpers: Editor autosave (incl. sublevels) for '/Game/Maps/Room' took 0.885
[2017.05.22-00.32.03:200][661]LogFileHelpers: Editor autosave (incl. sublevels) for all levels took 0.885
[2017.05.21-20.34.08:901][103]Cmd: QUIT_EDITOR
[2017.05.21-20.34.09:929][103]LogWindowsTextInputMethodSystem:Display: IME system now deactivated.
